<?xml version="1.0" encoding="UTF-8"?>
<!-- Generated by org.testng.reporters.JUnitReportReporter -->
<testsuite skipped="0" hostname="NorkotPC" name="automationcraft.delivery.runners.farmacia.FRunner" tests="3" failures="0" timestamp="12 ene 2022 12:17:34 GMT" time="62.528" errors="0">
  <testcase name="runScenario" time="17.582" classname="automationcraft.delivery.runners.farmacia.FRunner"/>
  <testcase name="runScenario" time="27.276" classname="automationcraft.delivery.runners.farmacia.FRunner"/>
  <testcase name="runScenario" time="17.670" classname="automationcraft.delivery.runners.farmacia.FRunner"/>
</testsuite> <!-- automationcraft.delivery.runners.farmacia.FRunner -->
